[debug] [2023-06-04T10:15:09.509Z] ----------------------------------------------------------------------
[debug] [2023-06-04T10:15:09.511Z] Command:       C:\Program Files\nodejs\node.exe C:\Program Files\nodejs\node_modules\firebase-tools\lib\bin\firebase.js init functions
[debug] [2023-06-04T10:15:09.512Z] CLI Version:   12.3.0
[debug] [2023-06-04T10:15:09.512Z] Platform:      win32
[debug] [2023-06-04T10:15:09.512Z] Node Version:  v19.7.0
[debug] [2023-06-04T10:15:09.512Z] Time:          Sun Jun 04 2023 12:15:09 GMT+0200 (Mitteleuropäische Sommerzeit)
[debug] [2023-06-04T10:15:09.513Z] ----------------------------------------------------------------------
[debug] 
[debug] [2023-06-04T10:15:09.575Z] > command requires scopes: ["email","openid","https://www.googleapis.com/auth/cloudplatformprojects.readonly","https://www.googleapis.com/auth/firebase","https://www.googleapis.com/auth/cloud-platform"]
[debug] [2023-06-04T10:15:09.575Z] > authorizing via signed-in user (tamas@quantos.online)
[info] 
     ######## #### ########  ######## ########     ###     ######  ########
     ##        ##  ##     ## ##       ##     ##  ##   ##  ##       ##
     ######    ##  ########  ######   ########  #########  ######  ######
     ##        ##  ##    ##  ##       ##     ## ##     ##       ## ##
     ##       #### ##     ## ######## ########  ##     ##  ######  ########

You're about to initialize a Firebase project in this directory:

  C:\Flutter\Projects\quantos

Before we get started, keep in mind:

  * You are currently outside your home directory
  * You are initializing within an existing Firebase project directory

[info] 
=== Project Setup
[info] 
[info] First, let's associate this project directory with a Firebase project.
[info] You can create multiple project aliases by running firebase use --add, 
[info] but for now we'll just set up a default project.
[info] 
[debug] [2023-06-04T10:15:11.924Z] Using project from CLI flag: quantos-learning-app
[debug] [2023-06-04T10:15:11.926Z] >>> [apiv2][query] GET https://firebase.googleapis.com/v1beta1/projects/quantos-learning-app [none]
[debug] [2023-06-04T10:15:12.171Z] <<< [apiv2][status] GET https://firebase.googleapis.com/v1beta1/projects/quantos-learning-app 200
[debug] [2023-06-04T10:15:12.171Z] <<< [apiv2][body] GET https://firebase.googleapis.com/v1beta1/projects/quantos-learning-app {"projectId":"quantos-learning-app","projectNumber":"986404112021","displayName":"quantos","name":"projects/quantos-learning-app","resources":{"hostingSite":"quantos-learning-app","realtimeDatabaseInstance":"quantos-learning-app-default-rtdb","storageBucket":"quantos-learning-app.appspot.com","locationId":"europe-west"},"state":"ACTIVE","etag":"1_cc8748df-81be-4d24-9900-07009b6deda4"}
[info] i  Using project quantos-learning-app (quantos) 
[info] 
=== Functions Setup
[debug] [2023-06-04T10:15:12.177Z] > command requires scopes: ["email","openid","https://www.googleapis.com/auth/cloudplatformprojects.readonly","https://www.googleapis.com/auth/firebase","https://www.googleapis.com/auth/cloud-platform"]
[debug] [2023-06-04T10:15:12.177Z] > authorizing via signed-in user (tamas@quantos.online)
[debug] [2023-06-04T10:15:12.177Z] [iam] checking project quantos-learning-app for permissions ["firebase.projects.get"]
[debug] [2023-06-04T10:15:12.178Z] >>> [apiv2][query] POST https://cloudresourcemanager.googleapis.com/v1/projects/quantos-learning-app:testIamPermissions [none]
[debug] [2023-06-04T10:15:12.178Z] >>> [apiv2][(partial)header] POST https://cloudresourcemanager.googleapis.com/v1/projects/quantos-learning-app:testIamPermissions x-goog-quota-user=projects/quantos-learning-app
[debug] [2023-06-04T10:15:12.178Z] >>> [apiv2][body] POST https://cloudresourcemanager.googleapis.com/v1/projects/quantos-learning-app:testIamPermissions {"permissions":["firebase.projects.get"]}
[debug] [2023-06-04T10:15:12.873Z] <<< [apiv2][status] POST https://cloudresourcemanager.googleapis.com/v1/projects/quantos-learning-app:testIamPermissions 200
[debug] [2023-06-04T10:15:12.873Z] <<< [apiv2][body] POST https://cloudresourcemanager.googleapis.com/v1/projects/quantos-learning-app:testIamPermissions {"permissions":["firebase.projects.get"]}
[debug] [2023-06-04T10:15:12.874Z] >>> [apiv2][query] GET https://serviceusage.googleapis.com/v1/projects/quantos-learning-app/services/cloudfunctions.googleapis.com [none]
[debug] [2023-06-04T10:15:12.874Z] >>> [apiv2][(partial)header] GET https://serviceusage.googleapis.com/v1/projects/quantos-learning-app/services/cloudfunctions.googleapis.com x-goog-quota-user=projects/quantos-learning-app
[debug] [2023-06-04T10:15:12.875Z] >>> [apiv2][query] GET https://serviceusage.googleapis.com/v1/projects/quantos-learning-app/services/runtimeconfig.googleapis.com [none]
[debug] [2023-06-04T10:15:12.875Z] >>> [apiv2][(partial)header] GET https://serviceusage.googleapis.com/v1/projects/quantos-learning-app/services/runtimeconfig.googleapis.com x-goog-quota-user=projects/quantos-learning-app
[debug] [2023-06-04T10:15:13.736Z] <<< [apiv2][status] GET https://serviceusage.googleapis.com/v1/projects/quantos-learning-app/services/runtimeconfig.googleapis.com 200
[debug] [2023-06-04T10:15:13.736Z] <<< [apiv2][body] GET https://serviceusage.googleapis.com/v1/projects/quantos-learning-app/services/runtimeconfig.googleapis.com [omitted]
[debug] [2023-06-04T10:15:13.766Z] <<< [apiv2][status] GET https://serviceusage.googleapis.com/v1/projects/quantos-learning-app/services/cloudfunctions.googleapis.com 200
[debug] [2023-06-04T10:15:13.767Z] <<< [apiv2][body] GET https://serviceusage.googleapis.com/v1/projects/quantos-learning-app/services/cloudfunctions.googleapis.com [omitted]
[info] 
Detected existing codebase(s): default

[info] 
Overwriting codebase default...

[info] +  Wrote functions/requirements.txt 
[info] +  Wrote functions/.gitignore 
[info] +  Wrote functions/main.py 
[debug] [2023-06-04T10:15:38.925Z] Running command with virtualenv: command="C:\Flutter\Projects\quantos\functions\venv\Scripts\activate.bat", args=["","&&","pip3","install","--upgrade","pip"]
[debug] [2023-06-04T10:15:46.321Z] Error: spawn "C:\Flutter\Projects\quantos\functions\venv\Scripts\activate.bat" ENOENT
    at notFoundError (C:\Users\nemes\AppData\Roaming\nvm\v19.7.0\node_modules\firebase-tools\node_modules\cross-spawn\lib\enoent.js:6:26)
    at verifyENOENT (C:\Users\nemes\AppData\Roaming\nvm\v19.7.0\node_modules\firebase-tools\node_modules\cross-spawn\lib\enoent.js:40:16)
    at cp.emit (C:\Users\nemes\AppData\Roaming\nvm\v19.7.0\node_modules\firebase-tools\node_modules\cross-spawn\lib\enoent.js:27:25)
    at ChildProcess._handle.onexit (node:internal/child_process:293:12)
[error] 
[error] Error: An unexpected error has occurred.
